C51 COMPILER V9.54   BUZZ                                                                  12/23/2021 10:14:41 PAGE 1   


C51 COMPILER V9.54, COMPILATION OF MODULE BUZZ
OBJECT MODULE PLACED IN buzz.OBJ
COMPILER INVOKED BY: C:\Keil\MDK\C51\BIN\C51.EXE buzz.c OPTIMIZE(8,SPEED) BROWSE DEBUG OBJECTEXTEND TABS(2)

line level    source

   1          #include<rtx51tny.h>
   2          #include<reg52.h>
   3          #include<absacc.h>
   4          #define u8 unsigned char
   5          
   6          sbit beep=P1^5;   //·äÃùÆ÷±¨¾¯
   7          
   8          
   9          
  10          void delay(unsigned int z)
  11          {
  12   1          unsigned int x,y;
  13   1          for(x = z;x > 0;x--){
  14   2              for(y =110;y > 0;y--);
  15   2          }
  16   1      }
  17          
  18          
  19          void sound1()//·äÃùÆ÷¸ßÆµ
  20          {
  21   1        u8 i=50;
  22   1        while(i--)
  23   1        {
  24   2          beep=!beep;
  25   2          delay(10);
  26   2        }
  27   1      }
  28          
  29          void sound2()//·äÃùÆ÷µÍÆµ
  30          {
  31   1        u8 i=50;
  32   1        while(i--)
  33   1        {
  34   2          beep=!beep;
  35   2          delay(1000);
  36   2        }
  37   1      }


MODULE INFORMATION:   STATIC OVERLAYABLE
   CODE SIZE        =     70    ----
   CONSTANT SIZE    =   ----    ----
   XDATA SIZE       =   ----    ----
   PDATA SIZE       =   ----    ----
   DATA SIZE        =   ----    ----
   IDATA SIZE       =   ----    ----
   BIT SIZE         =   ----    ----
END OF MODULE INFORMATION.


C51 COMPILATION COMPLETE.  0 WARNING(S),  0 ERROR(S)
