C51 COMPILER V9.54   ____________                                                          12/23/2021 10:09:09 PAGE 1   


C51 COMPILER V9.54, COMPILATION OF MODULE ____________
OBJECT MODULE PLACED IN 温度操作系统.OBJ
COMPILER INVOKED BY: C:\Keil\MDK\C51\BIN\C51.EXE 温度操作系统.c OPTIMIZE(8,SPEED) BROWSE DEBUG OBJECTEXTEND TABS(2)

line level    source

   1          #include<rtx51tny.h>
   2          #include<reg52.h>
   3          #include<absacc.h>
   4          #define u8 unsigned char
   5          //#include "public.h"
   6          //#include "lcd.h"
   7          //#include "temp.h"
   8          //#include "i2c.h"
   9          
  10          unsigned char ii=0;
  11          sbit k3=P3^2; //设置温度上下限   
  12          sbit k1=P3^1; //加         
  13          sbit k2=P3^0; //减        
  14          
  15          sbit led=P2^4; //报警指示灯
  16          
  17          sbit beep=P1^5;   //蜂鸣器报警
  18          //sbit relay=P1^4;  //加热设备
  19          //sbit moto=P1^0;   
  20          
  21          
  22          char set_templ=22,set_temph=40;  //设定温度上下限默认值
  23          unsigned short temp_val;  //检测的实际温度
  24          unsigned char mode;  //温度模式
  25          
  26          void Temp_DataPros()
  27          {
  28   1        short temp;
  29   1        unsigned char temp_buf[5];
  30   1        temp=Ds18b20ReadTemp();
*** WARNING C206 IN LINE 30 OF 温度操作系统.c: 'Ds18b20ReadTemp': missing function-prototype
  31   1        temp_val=temp;  
  32   1        if(temp<0)
  33   1        {
  34   2          temp=-temp;
  35   2          LCD_Dispstring(2+5,0,"-");
*** WARNING C206 IN LINE 35 OF 温度操作系统.c: 'LCD_Dispstring': missing function-prototype
*** ERROR C267 IN LINE 35 OF 温度操作系统.c: 'LCD_Dispstring': requires ANSI-style prototype
  36   2        }
  37   1        else
  38   1        {
  39   2          LCD_Dispstring(2+5,0," ");
  40   2        }
  41   1      
  42   1        temp_buf[0]=temp/100+0x30;
  43   1        temp_buf[1]=temp%100/10+0x30;
  44   1        temp_buf[2]='.';
  45   1        temp_buf[3]=temp%100%10+0x30;
  46   1        temp_buf[4]='\0';
  47   1        LCD_Dispstring(2+6,0,temp_buf);    //显示检测的温度xx.x
  48   1      
  49   1        temp_buf[0]=set_temph/10+0x30;
  50   1          temp_buf[1]=set_temph%10+0x30;
  51   1        temp_buf[2]='\0';
  52   1        LCD_Dispstring(5,1,temp_buf);   //显示设定的温度上限值xx
C51 COMPILER V9.54   ____________                                                          12/23/2021 10:09:09 PAGE 2   

  53   1      
  54   1        temp_buf[0]=set_templ/10+0x30;
  55   1          temp_buf[1]=set_templ%10+0x30;
  56   1        temp_buf[2]='\0';
  57   1        LCD_Dispstring(14,1,temp_buf);   //显示设定的温度下限值xx
  58   1      }
  59          
  60          
  61          
  62          #define  K1_MODE  1
  63          #define  K2_ADD  2
  64          #define  K3_DEC  3
  65          
  66          //mode:  0-单次扫描   1-连续扫描
  67          unsigned char KEY_Scan(u8 mode)
  68          {
  69   1        static u8 key=1;
  70   1        if(key&&(k1==0||k2==0||k3==0))
  71   1        {
  72   2          delay(1000);   //消抖
  73   2          key=0;
  74   2          if(k3==0)
  75   2          {
  76   3            return K3_DEC;
  77   3          }
  78   2          else if(k1==0)
  79   2          {
  80   3            return K1_MODE;
  81   3          }
  82   2          else if(k2==0)
  83   2          {
  84   3            return K2_ADD;  
  85   3          }
  86   2        }
  87   1        else if(k1==1&&k2==1&&k3==1)
  88   1        {
  89   2          key=1;  
  90   2        }
  91   1        if(mode)
  92   1        {
  93   2          key=1;
  94   2        }
  95   1        return 0; 
  96   1      }
  97          
  98          void KEY_Pros()
  99          {
 100   1        u8 key;
 101   1        u8 temph_buf[3];
 102   1      
 103   1        key=KEY_Scan(0);
 104   1        
 105   1        if(key==K1_MODE)   //模式选择
 106   1        {
 107   2          mode++;
 108   2          LCD_Clear();
 109   2      
 110   2          if(mode==1)
 111   2          {
 112   3            LCD_Dispstring(0,0,"SETH:   C");    
 113   3          }
 114   2          else if(mode==2)
C51 COMPILER V9.54   ____________                                                          12/23/2021 10:09:09 PAGE 3   

 115   2          {
 116   3            LCD_Dispstring(0,1,"SETL:   C");  
 117   3          }
 118   2          else 
 119   2          {
 120   3            mode=0;
 121   3            LCD_Dispstring(2,0,"Temp:     C");
 122   3            LCD_Dispstring(0,1,"SETH:  ");
 123   3            LCD_Dispstring(9,1,"SETL:  ");  
 124   3          }
 125   2        }
 126   1        if(mode==1)  //温度上限设置
 127   1        {
 128   2          switch(key) 
 129   2          {
 130   3            case K2_ADD:     //加
 131   3                  set_temph++;
 132   3                  if(set_temph>=80)set_temph=80;
 133   3                  break;
 134   3            case K3_DEC:   //减
 135   3                  set_temph--;
 136   3                  if(set_temph<=0)set_temph=0;
 137   3                  break;
 138   3          }
 139   2      
 140   2          temph_buf[0]=set_temph/10+0x30;
 141   2          temph_buf[1]=set_temph%10+0x30;
 142   2          temph_buf[2]='\0';
 143   2            LCD_Dispstring(6,0,temph_buf);
 144   2          At24c02Write(0,set_temph);
 145   2        }
 146   1      
 147   1        else if(mode==2)  //温度下限设置
 148   1        {
 149   2          switch(key) 
 150   2          {
 151   3            case K2_ADD:     //加
 152   3                  set_templ++;
 153   3                  if(set_templ>=80)set_templ=80;
 154   3                  break;
 155   3            case K3_DEC:   //减
 156   3                  set_templ--;
 157   3                  if(set_templ<=0)set_templ=0;
 158   3                  break;
 159   3          }
 160   2      
 161   2          temph_buf[0]=set_templ/10+0x30;
 162   2          temph_buf[1]=set_templ%10+0x30;
 163   2          temph_buf[2]='\0';
 164   2            LCD_Dispstring(6,1,temph_buf);
 165   2          At24c02Write(2,set_templ);
 166   2        }
 167   1      }
 168          
 169          //void sound1()//蜂鸣器高频
 170          //{
 171          //  u8 i=50;
 172          //  while(i--)
 173          //  {
 174          //    beep=!beep;
 175          //    delay(10);
 176          //  }
C51 COMPILER V9.54   ____________                                                          12/23/2021 10:09:09 PAGE 4   

 177          //}
 178          
 179          //void sound2()//蜂鸣器低频
 180          //{
 181          //  u8 i=50;
 182          //  while(i--)
 183          //  {
 184          //    beep=!beep;
 185          //    delay(1000);
 186          //  }
 187          //}
 188          
 189          void TempData_Compare()
 190          {
 191   1        if(temp_val>set_temph*10) //实际温度高于上限值   报警  
 192   1        {
 193   2          led=1;
 194   2          moto=1;
 195   2          relay=1;
 196   2          sound1();   
 197   2        }
 198   1        else if(temp_val<set_templ*10)   //实际温度低于下限值   报警  
 199   1        {
 200   2          led=1;
 201   2          moto=0;
 202   2          relay=0;
 203   2          sound2();   
 204   2        }
 205   1        else  //实际温度在下限值和上限值之间   取消报警  
 206   1        {
 207   2          moto=0;
 208   2          led=0;
 209   2          relay=1;
 210   2        }
 211   1      }
 212          
 213          void kai_display()
 214          {
 215   1        if(At24c02Read(255)!=18)
 216   1        {
 217   2          At24c02Write(0,set_temph);
 218   2          At24c02Write(2,set_templ);
 219   2          At24c02Write(255,18); 
 220   2        }
 221   1        else
 222   1        {
 223   2          set_temph=At24c02Read(0);
 224   2          set_templ=At24c02Read(2); 
 225   2        }
 226   1      
 227   1        LCD_Dispstring(2,0,"Temp:     C");
 228   1        LCD_Dispstring(0,1,"SETH:  ");
 229   1        LCD_Dispstring(9,1,"SETL:  ");
 230   1      }
 231          
 232          job0()_task_ 0  //创建任务
 233          {
 234   1        os_create_task(1);
 235   1        os_create_task(2);
 236   1        os_create_task(3);
 237   1        while(1)
 238   1        {
C51 COMPILER V9.54   ____________                                                          12/23/2021 10:09:09 PAGE 5   

 239   2          for(ii=0; ii<3; ii++)
 240   2          {
 241   3            os_send_signal(ii);
 242   3            os_wait2(K_IVL,10);
 243   3          }
 244   2        }
 245   1            //os_delete_task(0);
 246   1      }
 247          
 248          job1()_task_ 1   //任务1
 249          {
 250   1        moto=0;
 251   1        led=0;
 252   1        relay=1;
 253   1      }
 254          
 255          job2()_task_ 2  //任务2
 256          {
 257   1        LCD_Init();
 258   1        kai_display();
 259   1        while(1)
 260   1        {
 261   2          if(mode==0)
 262   2          Temp_DataPros();
 263   2          KEY_Pros(); 
 264   2          TempData_Compare();       
 265   2        }
 266   1      }

C51 COMPILATION COMPLETE.  2 WARNING(S),  1 ERROR(S)
